[debug] [2024-08-13T12:24:17.475Z] ----------------------------------------------------------------------
[debug] [2024-08-13T12:24:17.478Z] Command:       C:\Program Files\nodejs\node.exe C:\Users\Liron Mor\AppData\Roaming\npm\node_modules\firebase-tools\lib\bin\firebase.js init
[debug] [2024-08-13T12:24:17.479Z] CLI Version:   13.15.1
[debug] [2024-08-13T12:24:17.479Z] Platform:      win32
[debug] [2024-08-13T12:24:17.479Z] Node Version:  v20.9.0
[debug] [2024-08-13T12:24:17.479Z] Time:          Tue Aug 13 2024 15:24:17 GMT+0300 (Israel Daylight Time)
[debug] [2024-08-13T12:24:17.479Z] ----------------------------------------------------------------------
[debug] 
[debug] [2024-08-13T12:24:17.543Z] > command requires scopes: ["email","openid","https://www.googleapis.com/auth/cloudplatformprojects.readonly","https://www.googleapis.com/auth/firebase","https://www.googleapis.com/auth/cloud-platform"]
[debug] [2024-08-13T12:24:17.543Z] > authorizing via signed-in user (bakerd933008@gmail.com)
[info] 
     ######## #### ########  ######## ########     ###     ######  ########
     ##        ##  ##     ## ##       ##     ##  ##   ##  ##       ##
     ######    ##  ########  ######   ########  #########  ######  ######
     ##        ##  ##    ##  ##       ##     ## ##     ##       ## ##
     ##       #### ##     ## ######## ########  ##     ##  ######  ########

You're about to initialize a Firebase project in this directory:

  C:\Users\Liron Mor\front end project\front-end--dev-project

Before we get started, keep in mind:

  * You are initializing within an existing Firebase project directory

[debug] [2024-09-17T08:48:36.301Z] ----------------------------------------------------------------------
[debug] [2024-09-17T08:48:36.304Z] Command:       C:\Program Files\nodejs\node.exe C:\Users\User\AppData\Roaming\npm\node_modules\firebase-tools\lib\bin\firebase.js init
[debug] [2024-09-17T08:48:36.305Z] CLI Version:   13.17.0
[debug] [2024-09-17T08:48:36.305Z] Platform:      win32
[debug] [2024-09-17T08:48:36.305Z] Node Version:  v20.9.0
[debug] [2024-09-17T08:48:36.305Z] Time:          Tue Sep 17 2024 11:48:36 GMT+0300 (שעון ישראל (קיץ))
[debug] [2024-09-17T08:48:36.305Z] ----------------------------------------------------------------------
[debug] 
[debug] [2024-09-17T08:48:36.364Z] > command requires scopes: ["email","openid","https://www.googleapis.com/auth/cloudplatformprojects.readonly","https://www.googleapis.com/auth/firebase","https://www.googleapis.com/auth/cloud-platform"]
[debug] [2024-09-17T08:48:36.366Z] > authorizing via signed-in user (shlomi0540@gmail.com)
[info] 
     ######## #### ########  ######## ########     ###     ######  ########
     ##        ##  ##     ## ##       ##     ##  ##   ##  ##       ##
     ######    ##  ########  ######   ########  #########  ######  ######
     ##        ##  ##    ##  ##       ##     ## ##     ##       ## ##
     ##       #### ##     ## ######## ########  ##     ##  ######  ########

You're about to initialize a Firebase project in this directory:

  C:\Users\User\Littel_Linguist_FinalProject\front-end--dev-project

Before we get started, keep in mind:

  * You are initializing within an existing Firebase project directory

[info] 
=== Project Setup
[info] 
[info] First, let's associate this project directory with a Firebase project.
[info] You can create multiple project aliases by running firebase use --add, 
[info] but for now we'll just set up a default project.
[info] 
[debug] [2024-09-17T08:50:01.524Z] Using project from CLI flag: littel-liguist
[debug] [2024-09-17T08:50:01.530Z] >>> [apiv2][query] GET https://firebase.googleapis.com/v1beta1/projects/littel-liguist [none]
[debug] [2024-09-17T08:50:02.698Z] <<< [apiv2][status] GET https://firebase.googleapis.com/v1beta1/projects/littel-liguist 200
[debug] [2024-09-17T08:50:02.699Z] <<< [apiv2][body] GET https://firebase.googleapis.com/v1beta1/projects/littel-liguist {"projectId":"littel-liguist","projectNumber":"393825781490","displayName":"Littel-Liguist","name":"projects/littel-liguist","resources":{"hostingSite":"littel-liguist"},"state":"ACTIVE","etag":"1_6d3cf15d-b1ec-4446-abf2-8a3a51f165ad"}
[info] i  Using project littel-liguist (Littel-Liguist) 
[info] 
=== Hosting Setup
[debug] [2024-09-17T08:50:02.720Z] >>> [apiv2][query] GET https://firebase.googleapis.com/v1beta1/projects/littel-liguist [none]
[debug] [2024-09-17T08:50:03.092Z] <<< [apiv2][status] GET https://firebase.googleapis.com/v1beta1/projects/littel-liguist 200
[debug] [2024-09-17T08:50:03.093Z] <<< [apiv2][body] GET https://firebase.googleapis.com/v1beta1/projects/littel-liguist {"projectId":"littel-liguist","projectNumber":"393825781490","displayName":"Littel-Liguist","name":"projects/littel-liguist","resources":{"hostingSite":"littel-liguist"},"state":"ACTIVE","etag":"1_6d3cf15d-b1ec-4446-abf2-8a3a51f165ad"}
[debug] [2024-09-17T08:57:26.186Z] ----------------------------------------------------------------------
[debug] [2024-09-17T08:57:26.188Z] Command:       C:\Program Files\nodejs\node.exe C:\Users\User\AppData\Roaming\npm\node_modules\firebase-tools\lib\bin\firebase.js init
[debug] [2024-09-17T08:57:26.189Z] CLI Version:   13.17.0
[debug] [2024-09-17T08:57:26.189Z] Platform:      win32
[debug] [2024-09-17T08:57:26.189Z] Node Version:  v20.9.0
[debug] [2024-09-17T08:57:26.189Z] Time:          Tue Sep 17 2024 11:57:26 GMT+0300 (שעון ישראל (קיץ))
[debug] [2024-09-17T08:57:26.189Z] ----------------------------------------------------------------------
[debug] 
[debug] [2024-09-17T08:57:26.260Z] > command requires scopes: ["email","openid","https://www.googleapis.com/auth/cloudplatformprojects.readonly","https://www.googleapis.com/auth/firebase","https://www.googleapis.com/auth/cloud-platform"]
[debug] [2024-09-17T08:57:26.261Z] > authorizing via signed-in user (shlomi0540@gmail.com)
[info] 
     ######## #### ########  ######## ########     ###     ######  ########
     ##        ##  ##     ## ##       ##     ##  ##   ##  ##       ##
     ######    ##  ########  ######   ########  #########  ######  ######
     ##        ##  ##    ##  ##       ##     ## ##     ##       ## ##
     ##       #### ##     ## ######## ########  ##     ##  ######  ########

You're about to initialize a Firebase project in this directory:

  C:\Users\User\Littel_Linguist_FinalProject\front-end--dev-project

Before we get started, keep in mind:

  * You are initializing within an existing Firebase project directory

